#
# A fatal error has been detected by the Java Runtime Environment:
#
#  EXCEPTION_ACCESS_VIOLATION (0xc0000005) at pc=0x00007ffffb4a3bc5, pid=21544, tid=3024
#
# JRE version: Java(TM) SE Runtime Environment 18.9 (11.0.8+10) (build 11.0.8+10-LTS)
# Java VM: Java HotSpot(TM) 64-Bit Server VM 18.9 (11.0.8+10-LTS, mixed mode, tiered, compressed oops, parallel gc, windows-amd64)
# Problematic frame:
# V  [jvm.dll+0x513bc5]
#
# No core dump will be written. Minidumps are not enabled by default on client versions of Windows
#
# If you would like to submit a bug report, please visit:
#   https://bugreport.java.com/bugreport/crash.jsp
#

---------------  S U M M A R Y ------------

Command Line: --add-modules=ALL-SYSTEM --add-opens=java.base/java.util=ALL-UNNAMED --add-opens=java.base/java.lang=ALL-UNNAMED -Declipse.application=org.eclipse.jdt.ls.core.id1 -Dosgi.bundles.defaultStartLevel=4 -Declipse.product=org.eclipse.jdt.ls.core.product -Dfile.encoding=utf8 -DwatchParentProcess=false -XX:+UseParallelGC -XX:GCTimeRatio=4 -XX:AdaptiveSizePolicyWeight=90 -Dsun.zip.disableMemoryMapping=true -Xmx1G -Xms100m -Xverify:none c:\Users\marrubio\.vscode\extensions\redhat.java-0.76.0\server\plugins\org.eclipse.equinox.launcher_1.6.100.v20201223-0822.jar -configuration c:\Users\marrubio\AppData\Roaming\Code\User\globalStorage\redhat.java\0.76.0\config_win -data c:\Users\marrubio\AppData\Roaming\Code\User\workspaceStorage\1a36f11a7081bb0601e8a8a46d46d356\redhat.java\jdt_ws

Host: Intel(R) Core(TM) i7-8665U CPU @ 1.90GHz, 8 cores, 15G,  Windows 10 , 64 bit Build 18362 (10.0.18362.1350)
Time: Wed Mar 24 12:12:59 2021 Hora estándar romance elapsed time: 9482 seconds (0d 2h 38m 2s)

---------------  T H R E A D  ---------------

Current thread (0x0000020d31e5a800):  JavaThread "C2 CompilerThread0" daemon [_thread_in_native, id=3024, stack(0x00000045ff100000,0x00000045ff200000)]


Current CompileTask:
C2:9482988 25962 %s!   4       org.eclipse.debug.core.sourcelookup.containers.ExternalArchiveSourceContainer::searchRoots @ 103 (420 bytes)

Stack: [0x00000045ff100000,0x00000045ff200000],  sp=0x00000045ff1fb228,  free space=1004k
Native frames: (J=compiled Java code, j=interpreted, Vv=VM code, C=native code)
V  [jvm.dll+0x513bc5]


siginfo: EXCEPTION_ACCESS_VIOLATION (0xc0000005), reading address 0x0000000000000007


Register to memory mapping:

RIP=0x00007ffffb4a3bc5 jvm.dll
RAX=0xffffffffffffffff is an unknown value
RBX=0x0000000000000096 is an unknown value
RCX=0x00000045ff1fc300 is pointing into the stack for thread: 0x0000020d31e5a800
RDX=0x00000000000005d8 is an unknown value
RSP=0x00000045ff1fb228 is pointing into the stack for thread: 0x0000020d31e5a800
RBP=0x0 is NULL
RSI=0x0000020d51119138 points into unknown readable memory: 30 f3 78 fb ff 7f 00 00
RDI=0x0000020d456c4360 points into unknown readable memory: 60 90 ae 42 0d 02 00 00
R8 =0x00000045ff1fc300 is pointing into the stack for thread: 0x0000020d31e5a800
R9 =0x0000020d42275390 points into unknown readable memory: ff ff ff ff ff ff ff ff
R10=0x0 is NULL
R11=0x0000000000000246 is an unknown value
R12=0x00000045ff1fb310 is pointing into the stack for thread: 0x0000020d31e5a800
R13=0x0 is NULL
R14=0x0000020d30dc5200 points into unknown readable memory: 53 57 8d 77 00 00 00 00
R15=0x00000045ff1fb358 is pointing into the stack for thread: 0x0000020d31e5a800


Registers:
RAX=0xffffffffffffffff, RBX=0x0000000000000096, RCX=0x00000045ff1fc300, RDX=0x00000000000005d8
RSP=0x00000045ff1fb228, RBP=0x0000000000000000, RSI=0x0000020d51119138, RDI=0x0000020d456c4360
R8 =0x00000045ff1fc300, R9 =0x0000020d42275390, R10=0x0000000000000000, R11=0x0000000000000246
R12=0x00000045ff1fb310, R13=0x0000000000000000, R14=0x0000020d30dc5200, R15=0x00000045ff1fb358
RIP=0x00007ffffb4a3bc5, EFLAGS=0x0000000000010246

Top of Stack: (sp=0x00000045ff1fb228)
0x00000045ff1fb228:   00007ffffb4b591d 0000000000000096
0x00000045ff1fb238:   00000045ff1fb3d0 00000045ff1fc300
0x00000045ff1fb248:   0000020d456cbf30 0000020d30dc52d8
0x00000045ff1fb258:   0000000000000003 00000045ff1fb358
0x00000045ff1fb268:   00000045ff1fb310 0000020d42ae9060
0x00000045ff1fb278:   00007ffffb4b5801 0000000000000000
0x00000045ff1fb288:   00000045ff1fb3d0 00000045ff1fc300
0x00000045ff1fb298:   0000000000000003 0000020d30dc5200
0x00000045ff1fb2a8:   00007ffffb7b8088 0000020d30d2d920
0x00000045ff1fb2b8:   0000020d30dc5200 00000000000000da
0x00000045ff1fb2c8:   00007ffffb4b3a8c 00000045ff1fc300
0x00000045ff1fb2d8:   000000450000093e 00000045ff1fc300
0x00000045ff1fb2e8:   0000020d33da7890 0000020d14f30000
0x00000045ff1fb2f8:   00000045ff1fb359 000000000000000c
0x00000045ff1fb308:   0000020d345d8890 00007ffffb81b460
0x00000045ff1fb318:   0000020d30d2d920 0000000000000002 

Instructions: (pc=0x00007ffffb4a3bc5)
0x00007ffffb4a3ba5:   cc cc cc cc cc cc cc cc cc cc cc 8b 52 28 4c 8b
0x00007ffffb4a3bb5:   c1 48 8b 81 f8 09 00 00 4c 8d 0c d0 48 8b 04 d0
0x00007ffffb4a3bc5:   48 8b 50 08 48 83 3a 00 75 24 8b 51 28 8b 48 28
0x00007ffffb4a3bd5:   3b ca 73 0a 49 8b 40 30 48 8b 04 c8 eb 02 33 c0 


Stack slot to memory mapping:
stack at sp + 0 slots: 0x00007ffffb4b591d jvm.dll
stack at sp + 1 slots: 0x0000000000000096 is an unknown value
stack at sp + 2 slots: 0x00000045ff1fb3d0 is pointing into the stack for thread: 0x0000020d31e5a800
stack at sp + 3 slots: 0x00000045ff1fc300 is pointing into the stack for thread: 0x0000020d31e5a800
stack at sp + 4 slots: 0x0000020d456cbf30 points into unknown readable memory: 00 00 00 00 00 00 00 00
stack at sp + 5 slots: 0x0000020d30dc52d8 points into unknown readable memory: 00 a8 e5 31 0d 02 00 00
stack at sp + 6 slots: 0x0000000000000003 is an unknown value
stack at sp + 7 slots: 0x00000045ff1fb358 is pointing into the stack for thread: 0x0000020d31e5a800


---------------  P R O C E S S  ---------------

Threads class SMR info:
_java_thread_list=0x0000020d36c62780, length=38, elements={
0x0000020d17858000, 0x0000020d30db0800, 0x0000020d30dbb000, 0x0000020d31e58800,
0x0000020d31e59800, 0x0000020d31e5a800, 0x0000020d31e5f000, 0x0000020d31e07800,
0x0000020d31fbc000, 0x0000020d337d8800, 0x0000020d3463e000, 0x0000020d34635000,
0x0000020d34638000, 0x0000020d34782000, 0x0000020d33ae8800, 0x0000020d33ae9800,
0x0000020d33aed800, 0x0000020d33aeb000, 0x0000020d3691c800, 0x0000020d36923000,
0x0000020d36920000, 0x0000020d36924800, 0x0000020d3691b800, 0x0000020d36918800,
0x0000020d3691a000, 0x0000020d3691f000, 0x0000020d36919000, 0x0000020d3691b000,
0x0000020d3691d800, 0x0000020d36924000, 0x0000020d36921800, 0x0000020d36920800,
0x0000020d3691e000, 0x0000020d36925800, 0x0000020d36926800, 0x0000020d33ae7800,
0x0000020d33aea000, 0x0000020d33aee000
}

Java Threads: ( => current thread )
  0x0000020d17858000 JavaThread "main" [_thread_blocked, id=16124, stack(0x00000045fea00000,0x00000045feb00000)]
  0x0000020d30db0800 JavaThread "Reference Handler" daemon [_thread_blocked, id=20072, stack(0x00000045fed00000,0x00000045fee00000)]
  0x0000020d30dbb000 JavaThread "Finalizer" daemon [_thread_blocked, id=8584, stack(0x00000045fee00000,0x00000045fef00000)]
  0x0000020d31e58800 JavaThread "Signal Dispatcher" daemon [_thread_blocked, id=12232, stack(0x00000045fef00000,0x00000045ff000000)]
  0x0000020d31e59800 JavaThread "Attach Listener" daemon [_thread_blocked, id=18648, stack(0x00000045ff000000,0x00000045ff100000)]
=>0x0000020d31e5a800 JavaThread "C2 CompilerThread0" daemon [_thread_in_native, id=3024, stack(0x00000045ff100000,0x00000045ff200000)]
  0x0000020d31e5f000 JavaThread "C1 CompilerThread0" daemon [_thread_blocked, id=5824, stack(0x00000045ff200000,0x00000045ff300000)]
  0x0000020d31e07800 JavaThread "Sweeper thread" daemon [_thread_blocked, id=5980, stack(0x00000045ff300000,0x00000045ff400000)]
  0x0000020d31fbc000 JavaThread "Common-Cleaner" daemon [_thread_blocked, id=13988, stack(0x00000045ff400000,0x00000045ff500000)]
  0x0000020d337d8800 JavaThread "Service Thread" daemon [_thread_blocked, id=19600, stack(0x00000045ff600000,0x00000045ff700000)]
  0x0000020d3463e000 JavaThread "Active Thread: Equinox Container: a460a229-91a8-477b-82dd-838e0d008147" [_thread_blocked, id=5524, stack(0x00000045ff900000,0x00000045ffa00000)]
  0x0000020d34635000 JavaThread "Framework Event Dispatcher: Equinox Container: a460a229-91a8-477b-82dd-838e0d008147" daemon [_thread_blocked, id=16704, stack(0x00000045ffa00000,0x00000045ffb00000)]
  0x0000020d34638000 JavaThread "Start Level: Equinox Container: a460a229-91a8-477b-82dd-838e0d008147" daemon [_thread_blocked, id=18108, stack(0x00000045ffb00000,0x00000045ffc00000)]
  0x0000020d34782000 JavaThread "SCR Component Actor" daemon [_thread_blocked, id=19956, stack(0x00000045fff00000,0x0000004600000000)]
  0x0000020d33ae8800 JavaThread "Worker-JM" [_thread_blocked, id=16608, stack(0x0000004580100000,0x0000004580200000)]
  0x0000020d33ae9800 JavaThread "Java indexing" daemon [_thread_blocked, id=20932, stack(0x0000004580800000,0x0000004580900000)]
  0x0000020d33aed800 JavaThread "logback configurator timer" daemon [_thread_blocked, id=4544, stack(0x0000004580a00000,0x0000004580b00000)]
  0x0000020d33aeb000 JavaThread "pool-2-thread-1" [_thread_in_native, id=8380, stack(0x0000004580b00000,0x0000004580c00000)]
  0x0000020d3691c800 JavaThread "Bundle File Closer" daemon [_thread_blocked, id=15312, stack(0x0000004581100000,0x0000004581200000)]
  0x0000020d36923000 JavaThread "Java Debug Server" daemon [_thread_in_native, id=18168, stack(0x0000004581600000,0x0000004581700000)]
  0x0000020d36920000 JavaThread "RxSchedulerPurge-1" daemon [_thread_blocked, id=10576, stack(0x0000004581800000,0x0000004581900000)]
  0x0000020d36924800 JavaThread "RxCachedWorkerPoolEvictor-1" daemon [_thread_blocked, id=19704, stack(0x0000004581900000,0x0000004581a00000)]
  0x0000020d3691b800 JavaThread "Worker-46" [_thread_blocked, id=20264, stack(0x0000004581200000,0x0000004581300000)]
  0x0000020d36918800 JavaThread "ForkJoinPool.commonPool-worker-9" daemon [_thread_blocked, id=22816, stack(0x0000004580f00000,0x0000004581000000)]
  0x0000020d3691a000 JavaThread "ForkJoinPool.commonPool-worker-13" daemon [_thread_blocked, id=7696, stack(0x0000004581700000,0x0000004581800000)]
  0x0000020d3691f000 JavaThread "ForkJoinPool.commonPool-worker-3" daemon [_thread_blocked, id=8184, stack(0x0000004581000000,0x0000004581100000)]
  0x0000020d36919000 JavaThread "Worker-51" [_thread_blocked, id=14708, stack(0x0000004580700000,0x0000004580800000)]
  0x0000020d3691b000 JavaThread "ForkJoinPool.commonPool-worker-21" daemon [_thread_blocked, id=23752, stack(0x0000004580000000,0x0000004580100000)]
  0x0000020d3691d800 JavaThread "ForkJoinPool.commonPool-worker-25" daemon [_thread_blocked, id=24204, stack(0x0000004580200000,0x0000004580300000)]
  0x0000020d36924000 JavaThread "ForkJoinPool.commonPool-worker-7" daemon [_thread_blocked, id=23200, stack(0x0000004580900000,0x0000004580a00000)]
  0x0000020d36921800 JavaThread "ForkJoinPool.commonPool-worker-11" daemon [_thread_blocked, id=16048, stack(0x0000004580c00000,0x0000004580d00000)]
  0x0000020d36920800 JavaThread "ForkJoinPool.commonPool-worker-29" daemon [_thread_blocked, id=24124, stack(0x0000004580d00000,0x0000004580e00000)]
  0x0000020d3691e000 JavaThread "Worker-52" [_thread_blocked, id=22928, stack(0x0000004580e00000,0x0000004580f00000)]
  0x0000020d36925800 JavaThread "pool-3-thread-13" [_thread_in_native, id=6724, stack(0x0000004581300000,0x0000004581400000)]
  0x0000020d36926800 JavaThread "RxNewThreadScheduler-27" daemon [_thread_blocked, id=4108, stack(0x0000004581400000,0x0000004581500000)]
  0x0000020d33ae7800 JavaThread "Packet Receive Manager" daemon [_thread_in_native, id=20396, stack(0x0000004581500000,0x0000004581600000)]
  0x0000020d33aea000 JavaThread "Packet Send Manager" daemon [_thread_blocked, id=19140, stack(0x0000004581b00000,0x0000004581c00000)]
  0x0000020d33aee000 JavaThread "Event Hub" daemon [_thread_blocked, id=18544, stack(0x0000004581a00000,0x0000004581b00000)]

Other Threads:
  0x0000020d30d2c800 VMThread "VM Thread" [stack: 0x00000045fec00000,0x00000045fed00000] [id=8368]
  0x0000020d320df000 WatcherThread [stack: 0x00000045ff700000,0x00000045ff800000] [id=9036]
  0x0000020d1786d000 GCTaskThread "ParGC Thread#0" [stack: 0x00000045feb00000,0x00000045fec00000] [id=5596]
  0x0000020d3462c800 GCTaskThread "ParGC Thread#1" [stack: 0x00000045ffc00000,0x00000045ffd00000] [id=7364]
  0x0000020d3462d000 GCTaskThread "ParGC Thread#2" [stack: 0x00000045ffd00000,0x00000045ffe00000] [id=6600]
  0x0000020d34630800 GCTaskThread "ParGC Thread#3" [stack: 0x00000045ffe00000,0x00000045fff00000] [id=6308]
  0x0000020d3490b800 GCTaskThread "ParGC Thread#4" [stack: 0x0000004580300000,0x0000004580400000] [id=6668]
  0x0000020d34b69800 GCTaskThread "ParGC Thread#5" [stack: 0x0000004580400000,0x0000004580500000] [id=5484]
  0x0000020d35049800 GCTaskThread "ParGC Thread#6" [stack: 0x0000004580500000,0x0000004580600000] [id=3772]
  0x0000020d349a4800 GCTaskThread "ParGC Thread#7" [stack: 0x0000004580600000,0x0000004580700000] [id=5784]

Threads with active compile tasks:
C2 CompilerThread09483128 25962 %s!   4       org.eclipse.debug.core.sourcelookup.containers.ExternalArchiveSourceContainer::searchRoots @ 103 (420 bytes)

VM state:not at safepoint (normal execution)

VM Mutex/Monitor currently owned by a thread: None

Heap address: 0x00000000c0000000, size: 1024 MB, Compressed Oops mode: 32-bit
Narrow klass base: 0x0000000000000000, Narrow klass shift: 3
Compressed class space size: 1073741824 Address: 0x0000000100000000

Heap:
 PSYoungGen      total 10752K, used 6237K [0x00000000eab00000, 0x00000000eb600000, 0x0000000100000000)
  eden space 10240K, 58% used [0x00000000eab00000,0x00000000eb0df660,0x00000000eb500000)
  from space 512K, 43% used [0x00000000eb500000,0x00000000eb538000,0x00000000eb580000)
  to   space 512K, 0% used [0x00000000eb580000,0x00000000eb580000,0x00000000eb600000)
 ParOldGen       total 267264K, used 262766K [0x00000000c0000000, 0x00000000d0500000, 0x00000000eab00000)
  object space 267264K, 98% used [0x00000000c0000000,0x00000000d009b870,0x00000000d0500000)
 Metaspace       used 92856K, capacity 96781K, committed 97240K, reserved 1136640K
  class space    used 8420K, capacity 9836K, committed 9984K, reserved 1048576K

Card table byte_map: [0x0000020d171a0000,0x0000020d173b0000] _byte_map_base: 0x0000020d16ba0000

Marking Bits: (ParMarkBitMap*) 0x00007ffffb9be2a0
 Begin Bits: [0x0000020d2ebd0000, 0x0000020d2fbd0000)
 End Bits:   [0x0000020d2fbd0000, 0x0000020d30bd0000)

Polling page: 0x0000020d16970000

Metaspace:

Usage:
  Non-class:     84.91 MB capacity,    82.46 MB ( 97%) used,     2.24 MB (  3%) free+waste,   211.06 KB ( <1%) overhead. 
      Class:      9.61 MB capacity,     8.22 MB ( 86%) used,     1.30 MB ( 14%) free+waste,    86.50 KB ( <1%) overhead. 
       Both:     94.51 MB capacity,    90.68 MB ( 96%) used,     3.54 MB (  4%) free+waste,   297.56 KB ( <1%) overhead. 

Virtual space:
  Non-class space:       86.00 MB reserved,      85.21 MB (>99%) committed 
      Class space:        1.00 GB reserved,       9.75 MB ( <1%) committed 
             Both:        1.08 GB reserved,      94.96 MB (  9%) committed 

Chunk freelists:
   Non-Class:  14.88 KB
       Class:  14.50 KB
        Both:  29.38 KB

CodeHeap 'non-profiled nmethods': size=120000Kb used=21886Kb max_used=21886Kb free=98113Kb
 bounds [0x0000020d276a0000, 0x0000020d28c10000, 0x0000020d2ebd0000]
CodeHeap 'profiled nmethods': size=120000Kb used=44061Kb max_used=45743Kb free=75938Kb
 bounds [0x0000020d20170000, 0x0000020d22e90000, 0x0000020d276a0000]
CodeHeap 'non-nmethods': size=5760Kb used=1334Kb max_used=1416Kb free=4425Kb
 bounds [0x0000020d1fbd0000, 0x0000020d1fe40000, 0x0000020d20170000]
 total_blobs=19346 nmethods=18605 adapters=647
 compilation: enabled
              stopped_count=0, restarted_count=0
 full_count=0

Compilation events (10 events):
Event: 9482.789 Thread 0x0000020d31e5f000 nmethod 25957 0x0000020d211ed990 code [0x0000020d211edb60, 0x0000020d211eded0]
Event: 9482.789 Thread 0x0000020d31e5f000 25958       3       java.util.stream.ReduceOps$4ReducingSink::accept (15 bytes)
Event: 9482.789 Thread 0x0000020d31e5f000 nmethod 25958 0x0000020d2043f590 code [0x0000020d2043f740, 0x0000020d2043f970]
Event: 9482.789 Thread 0x0000020d31e5f000 25960       1       org.eclipse.jdt.internal.compiler.classfmt.ClassFileReader::getModule (5 bytes)
Event: 9482.789 Thread 0x0000020d31e5f000 nmethod 25960 0x0000020d28c09890 code [0x0000020d28c09a20, 0x0000020d28c09b38]
Event: 9482.801 Thread 0x0000020d31e5f000 25961       1       io.reactivex.internal.observers.BasicFuseableObserver::beforeDownstream (2 bytes)
Event: 9482.801 Thread 0x0000020d31e5f000 nmethod 25961 0x0000020d28c09b90 code [0x0000020d28c09d20, 0x0000020d28c09e38]
Event: 9482.873 Thread 0x0000020d31e5a800 25962 %s!   4       org.eclipse.debug.core.sourcelookup.containers.ExternalArchiveSourceContainer::searchRoots @ 103 (420 bytes)
Event: 9482.873 Thread 0x0000020d31e5f000 25963   !   3       org.eclipse.debug.internal.core.sourcelookup.SourceLookupUtils::getZipFile (89 bytes)
Event: 9482.876 Thread 0x0000020d31e5f000 nmethod 25963 0x0000020d214a2c10 code [0x0000020d214a2f00, 0x0000020d214a3e40]

GC Heap History (10 events):
Event: 9481.854 GC heap before
{Heap before GC invocations=4728 (full 77):
 PSYoungGen      total 10752K, used 9035K [0x00000000eab00000, 0x00000000eb700000, 0x0000000100000000)
  eden space 10240K, 85% used [0x00000000eab00000,0x00000000eb392c78,0x00000000eb500000)
  from space 512K, 50% used [0x00000000eb580000,0x00000000eb5c0000,0x00000000eb600000)
  to   space 512K, 0% used [0x00000000eb500000,0x00000000eb500000,0x00000000eb580000)
 ParOldGen       total 267264K, used 262438K [0x00000000c0000000, 0x00000000d0500000, 0x00000000eab00000)
  object space 267264K, 98% used [0x00000000c0000000,0x00000000d0049870,0x00000000d0500000)
 Metaspace       used 92837K, capacity 96781K, committed 97240K, reserved 1136640K
  class space    used 8420K, capacity 9836K, committed 9984K, reserved 1048576K
}
Event: 9481.856 GC heap after
{Heap after GC invocations=4728 (full 77):
 PSYoungGen      total 10752K, used 128K [0x00000000eab00000, 0x00000000eb600000, 0x0000000100000000)
  eden space 10240K, 0% used [0x00000000eab00000,0x00000000eab00000,0x00000000eb500000)
  from space 512K, 25% used [0x00000000eb500000,0x00000000eb520000,0x00000000eb580000)
  to   space 512K, 0% used [0x00000000eb580000,0x00000000eb580000,0x00000000eb600000)
 ParOldGen       total 267264K, used 262510K [0x00000000c0000000, 0x00000000d0500000, 0x00000000eab00000)
  object space 267264K, 98% used [0x00000000c0000000,0x00000000d005b870,0x00000000d0500000)
 Metaspace       used 92837K, capacity 96781K, committed 97240K, reserved 1136640K
  class space    used 8420K, capacity 9836K, committed 9984K, reserved 1048576K
}
Event: 9481.883 GC heap before
{Heap before GC invocations=4729 (full 77):
 PSYoungGen      total 10752K, used 8935K [0x00000000eab00000, 0x00000000eb600000, 0x0000000100000000)
  eden space 10240K, 86% used [0x00000000eab00000,0x00000000eb399ee8,0x00000000eb500000)
  from space 512K, 25% used [0x00000000eb500000,0x00000000eb520000,0x00000000eb580000)
  to   space 512K, 0% used [0x00000000eb580000,0x00000000eb580000,0x00000000eb600000)
 ParOldGen       total 267264K, used 262510K [0x00000000c0000000, 0x00000000d0500000, 0x00000000eab00000)
  object space 267264K, 98% used [0x00000000c0000000,0x00000000d005b870,0x00000000d0500000)
 Metaspace       used 92837K, capacity 96781K, committed 97240K, reserved 1136640K
  class space    used 8420K, capacity 9836K, committed 9984K, reserved 1048576K
}
Event: 9481.885 GC heap after
{Heap after GC invocations=4729 (full 77):
 PSYoungGen      total 10752K, used 224K [0x00000000eab00000, 0x00000000eb600000, 0x0000000100000000)
  eden space 10240K, 0% used [0x00000000eab00000,0x00000000eab00000,0x00000000eb500000)
  from space 512K, 43% used [0x00000000eb580000,0x00000000eb5b8000,0x00000000eb600000)
  to   space 512K, 0% used [0x00000000eb500000,0x00000000eb500000,0x00000000eb580000)
 ParOldGen       total 267264K, used 262566K [0x00000000c0000000, 0x00000000d0500000, 0x00000000eab00000)
  object space 267264K, 98% used [0x00000000c0000000,0x00000000d0069870,0x00000000d0500000)
 Metaspace       used 92837K, capacity 96781K, committed 97240K, reserved 1136640K
  class space    used 8420K, capacity 9836K, committed 9984K, reserved 1048576K
}
Event: 9481.905 GC heap before
{Heap before GC invocations=4730 (full 77):
 PSYoungGen      total 10752K, used 8993K [0x00000000eab00000, 0x00000000eb600000, 0x0000000100000000)
  eden space 10240K, 85% used [0x00000000eab00000,0x00000000eb390438,0x00000000eb500000)
  from space 512K, 43% used [0x00000000eb580000,0x00000000eb5b8000,0x00000000eb600000)
  to   space 512K, 0% used [0x00000000eb500000,0x00000000eb500000,0x00000000eb580000)
 ParOldGen       total 267264K, used 262566K [0x00000000c0000000, 0x00000000d0500000, 0x00000000eab00000)
  object space 267264K, 98% used [0x00000000c0000000,0x00000000d0069870,0x00000000d0500000)
 Metaspace       used 92837K, capacity 96781K, committed 97240K, reserved 1136640K
  class space    used 8420K, capacity 9836K, committed 9984K, reserved 1048576K
}
Event: 9481.907 GC heap after
{Heap after GC invocations=4730 (full 77):
 PSYoungGen      total 10752K, used 160K [0x00000000eab00000, 0x00000000eb600000, 0x0000000100000000)
  eden space 10240K, 0% used [0x00000000eab00000,0x00000000eab00000,0x00000000eb500000)
  from space 512K, 31% used [0x00000000eb500000,0x00000000eb528000,0x00000000eb580000)
  to   space 512K, 0% used [0x00000000eb580000,0x00000000eb580000,0x00000000eb600000)
 ParOldGen       total 267264K, used 262606K [0x00000000c0000000, 0x00000000d0500000, 0x00000000eab00000)
  object space 267264K, 98% used [0x00000000c0000000,0x00000000d0073870,0x00000000d0500000)
 Metaspace       used 92837K, capacity 96781K, committed 97240K, reserved 1136640K
  class space    used 8420K, capacity 9836K, committed 9984K, reserved 1048576K
}
Event: 9481.938 GC heap before
{Heap before GC invocations=4731 (full 77):
 PSYoungGen      total 10752K, used 10400K [0x00000000eab00000, 0x00000000eb600000, 0x0000000100000000)
  eden space 10240K, 100% used [0x00000000eab00000,0x00000000eb500000,0x00000000eb500000)
  from space 512K, 31% used [0x00000000eb500000,0x00000000eb528000,0x00000000eb580000)
  to   space 512K, 0% used [0x00000000eb580000,0x00000000eb580000,0x00000000eb600000)
 ParOldGen       total 267264K, used 262606K [0x00000000c0000000, 0x00000000d0500000, 0x00000000eab00000)
  object space 267264K, 98% used [0x00000000c0000000,0x00000000d0073870,0x00000000d0500000)
 Metaspace       used 92837K, capacity 96781K, committed 97240K, reserved 1136640K
  class space    used 8420K, capacity 9836K, committed 9984K, reserved 1048576K
}
Event: 9481.943 GC heap after
{Heap after GC invocations=4731 (full 77):
 PSYoungGen      total 10752K, used 192K [0x00000000eab00000, 0x00000000eb600000, 0x0000000100000000)
  eden space 10240K, 0% used [0x00000000eab00000,0x00000000eab00000,0x00000000eb500000)
  from space 512K, 37% used [0x00000000eb580000,0x00000000eb5b0000,0x00000000eb600000)
  to   space 512K, 0% used [0x00000000eb500000,0x00000000eb500000,0x00000000eb580000)
 ParOldGen       total 267264K, used 262654K [0x00000000c0000000, 0x00000000d0500000, 0x00000000eab00000)
  object space 267264K, 98% used [0x00000000c0000000,0x00000000d007f870,0x00000000d0500000)
 Metaspace       used 92837K, capacity 96781K, committed 97240K, reserved 1136640K
  class space    used 8420K, capacity 9836K, committed 9984K, reserved 1048576K
}
Event: 9482.200 GC heap before
{Heap before GC invocations=4732 (full 77):
 PSYoungGen      total 10752K, used 10432K [0x00000000eab00000, 0x00000000eb600000, 0x0000000100000000)
  eden space 10240K, 100% used [0x00000000eab00000,0x00000000eb500000,0x00000000eb500000)
  from space 512K, 37% used [0x00000000eb580000,0x00000000eb5b0000,0x00000000eb600000)
  to   space 512K, 0% used [0x00000000eb500000,0x00000000eb500000,0x00000000eb580000)
 ParOldGen       total 267264K, used 262654K [0x00000000c0000000, 0x00000000d0500000, 0x00000000eab00000)
  object space 267264K, 98% used [0x00000000c0000000,0x00000000d007f870,0x00000000d0500000)
 Metaspace       used 92844K, capacity 96781K, committed 97240K, reserved 1136640K
  class space    used 8420K, capacity 9836K, committed 9984K, reserved 1048576K
}
Event: 9482.202 GC heap after
{Heap after GC invocations=4732 (full 77):
 PSYoungGen      total 10752K, used 224K [0x00000000eab00000, 0x00000000eb600000, 0x0000000100000000)
  eden space 10240K, 0% used [0x00000000eab00000,0x00000000eab00000,0x00000000eb500000)
  from space 512K, 43% used [0x00000000eb500000,0x00000000eb538000,0x00000000eb580000)
  to   space 512K, 0% used [0x00000000eb580000,0x00000000eb580000,0x00000000eb600000)
 ParOldGen       total 267264K, used 262766K [0x00000000c0000000, 0x00000000d0500000, 0x00000000eab00000)
  object space 267264K, 98% used [0x00000000c0000000,0x00000000d009b870,0x00000000d0500000)
 Metaspace       used 92844K, capacity 96781K, committed 97240K, reserved 1136640K
  class space    used 8420K, capacity 9836K, committed 9984K, reserved 1048576K
}

Deoptimization events (10 events):
Event: 8539.754 Thread 0x0000020d33ae7800 Uncommon trap: reason=unstable_if action=reinterpret pc=0x0000020d285defcc method=org.eclipse.jdt.internal.compiler.lookup.Scope.computeCompatibleMethod(Lorg/eclipse/jdt/internal/compiler/lookup/MethodBinding;[Lorg/eclipse/jdt/internal/compiler/lookup/Typ
Event: 8539.755 Thread 0x0000020d33ae7800 Uncommon trap: reason=unstable_if action=reinterpret pc=0x0000020d28b7ade8 method=org.eclipse.jdt.internal.compiler.ast.MessageSend.resolveType(Lorg/eclipse/jdt/internal/compiler/lookup/BlockScope;)Lorg/eclipse/jdt/internal/compiler/lookup/TypeBinding; @ 
Event: 8541.935 Thread 0x0000020d33ae7800 Uncommon trap: reason=class_check action=maybe_recompile pc=0x0000020d27fb8a04 method=org.eclipse.jdt.internal.codeassist.CompletionEngine.computeRelevanceForExpectingType([C[C)I @ 18 c2
Event: 8541.935 Thread 0x0000020d33ae7800 Uncommon trap: reason=class_check action=maybe_recompile pc=0x0000020d27fb8a04 method=org.eclipse.jdt.internal.codeassist.CompletionEngine.computeRelevanceForExpectingType([C[C)I @ 18 c2
Event: 8541.935 Thread 0x0000020d33ae7800 Uncommon trap: reason=class_check action=maybe_recompile pc=0x0000020d27fb8a04 method=org.eclipse.jdt.internal.codeassist.CompletionEngine.computeRelevanceForExpectingType([C[C)I @ 18 c2
Event: 8541.935 Thread 0x0000020d33ae7800 Uncommon trap: reason=class_check action=maybe_recompile pc=0x0000020d27fb8a04 method=org.eclipse.jdt.internal.codeassist.CompletionEngine.computeRelevanceForExpectingType([C[C)I @ 18 c2
Event: 8541.937 Thread 0x0000020d33ae7800 Uncommon trap: reason=bimorphic_or_optimized_type_check action=maybe_recompile pc=0x0000020d281c51e4 method=org.eclipse.jdt.core.dom.TypeBinding.getQualifiedName()Ljava/lang/String; @ 675 c2
Event: 8555.715 Thread 0x0000020d3691f000 Uncommon trap: reason=null_check action=make_not_entrant pc=0x0000020d28ba81b0 method=org.eclipse.aether.DefaultRepositorySystemSession.copySafe(Ljava/util/Map;Ljava/lang/Class;)Ljava/util/Map; @ 109 c2
Event: 8815.581 Thread 0x0000020d3691b000 Uncommon trap: reason=class_check action=maybe_recompile pc=0x0000020d28a9d81c method=org.eclipse.jdt.internal.compiler.parser.Parser.consumeRule(I)V @ 6758 c2
Event: 8815.602 Thread 0x0000020d3691b000 Uncommon trap: reason=class_check action=maybe_recompile pc=0x0000020d28a9d81c method=org.eclipse.jdt.internal.compiler.parser.Parser.consumeRule(I)V @ 6758 c2

Classes redefined (0 events):
No events

Internal exceptions (10 events):
Event: 9482.158 Thread 0x0000020d36920800 Implicit null exception at 0x0000020d2256a47f to 0x0000020d2256f712
Event: 9482.158 Thread 0x0000020d36920800 Exception <a 'java/lang/NullPointerException'{0x00000000eb428c58}> (0x00000000eb428c58) thrown at [./open/src/hotspot/share/runtime/sharedRuntime.cpp, line 584]
Event: 9482.158 Thread 0x0000020d36920800 Implicit null exception at 0x0000020d2256a47f to 0x0000020d2256f712
Event: 9482.158 Thread 0x0000020d36920800 Exception <a 'java/lang/NullPointerException'{0x00000000eb4291e0}> (0x00000000eb4291e0) thrown at [./open/src/hotspot/share/runtime/sharedRuntime.cpp, line 584]
Event: 9482.243 Thread 0x0000020d36926800 Exception <a 'sun/nio/fs/WindowsException'{0x00000000eab75490}> (0x00000000eab75490) thrown at [./open/src/hotspot/share/prims/jni.cpp, line 611]
Event: 9482.243 Thread 0x0000020d36926800 Exception <a 'sun/nio/fs/WindowsException'{0x00000000eab75760}> (0x00000000eab75760) thrown at [./open/src/hotspot/share/prims/jni.cpp, line 611]
Event: 9482.244 Thread 0x0000020d36926800 Exception <a 'sun/nio/fs/WindowsException'{0x00000000eab76120}> (0x00000000eab76120) thrown at [./open/src/hotspot/share/prims/jni.cpp, line 611]
Event: 9482.244 Thread 0x0000020d36926800 Exception <a 'sun/nio/fs/WindowsException'{0x00000000eab763f0}> (0x00000000eab763f0) thrown at [./open/src/hotspot/share/prims/jni.cpp, line 611]
Event: 9482.878 Thread 0x0000020d36926800 Exception <a 'sun/nio/fs/WindowsException'{0x00000000eb091d58}> (0x00000000eb091d58) thrown at [./open/src/hotspot/share/prims/jni.cpp, line 611]
Event: 9482.880 Thread 0x0000020d36926800 Exception <a 'sun/nio/fs/WindowsException'{0x00000000eb094eb8}> (0x00000000eb094eb8) thrown at [./open/src/hotspot/share/prims/jni.cpp, line 611]

Events (10 events):
Event: 9482.849 Executing VM operation: RevokeBias
Event: 9482.849 Executing VM operation: RevokeBias done
Event: 9482.855 Executing VM operation: RevokeBias
Event: 9482.856 Executing VM operation: RevokeBias done
Event: 9482.871 Executing VM operation: RevokeBias
Event: 9482.871 Executing VM operation: RevokeBias done
Event: 9482.871 Executing VM operation: RevokeBias
Event: 9482.871 Executing VM operation: RevokeBias done
Event: 9482.872 Executing VM operation: RevokeBias
Event: 9482.872 Executing VM operation: RevokeBias done


Dynamic libraries:
0x00007ff7b2720000 - 0x00007ff7b272f000 	C:\Software\Java\jdk-11.0.8\bin\java.exe
0x00007ff85cde0000 - 0x00007ff85cfd0000 	C:\WINDOWS\SYSTEM32\ntdll.dll
0x00007ff85bcb0000 - 0x00007ff85bd62000 	C:\WINDOWS\System32\KERNEL32.DLL
0x00007ff859d50000 - 0x00007ff859ff5000 	C:\WINDOWS\System32\KERNELBASE.dll
0x00007ff85ac70000 - 0x00007ff85ad6a000 	C:\WINDOWS\System32\ucrtbase.dll
0x00007ff857800000 - 0x00007ff857818000 	C:\Software\Java\jdk-11.0.8\bin\jli.dll
0x00007ff8577e0000 - 0x00007ff8577f5000 	C:\Software\Java\jdk-11.0.8\bin\VCRUNTIME140.dll
0x00007ff85cba0000 - 0x00007ff85cc43000 	C:\WINDOWS\System32\ADVAPI32.dll
0x00007ff85b9d0000 - 0x00007ff85ba6e000 	C:\WINDOWS\System32\msvcrt.dll
0x00007ff85b930000 - 0x00007ff85b9c7000 	C:\WINDOWS\System32\sechost.dll
0x00007ff85b2f0000 - 0x00007ff85b40f000 	C:\WINDOWS\System32\RPCRT4.dll
0x00007ff85c490000 - 0x00007ff85c624000 	C:\WINDOWS\System32\USER32.dll
0x00007ff85a9e0000 - 0x00007ff85aa01000 	C:\WINDOWS\System32\win32u.dll
0x00007ff85c460000 - 0x00007ff85c486000 	C:\WINDOWS\System32\GDI32.dll
0x00007ff842a10000 - 0x00007ff842c94000 	C:\WINDOWS\WinSxS\amd64_microsoft.windows.common-controls_6595b64144ccf1df_6.0.18362.1441_none_9e7da8f1e45ea808\COMCTL32.dll
0x00007ff85aa10000 - 0x00007ff85aba8000 	C:\WINDOWS\System32\gdi32full.dll
0x00007ff85c800000 - 0x00007ff85cb36000 	C:\WINDOWS\System32\combase.dll
0x00007ff85ad90000 - 0x00007ff85ae2e000 	C:\WINDOWS\System32\msvcp_win.dll
0x00007ff85abe0000 - 0x00007ff85ac61000 	C:\WINDOWS\System32\bcryptPrimitives.dll
0x00007ff854b20000 - 0x00007ff854b2a000 	C:\WINDOWS\SYSTEM32\VERSION.dll
0x00007ff85b410000 - 0x00007ff85b43e000 	C:\WINDOWS\System32\IMM32.DLL
0x00007ff84a8d0000 - 0x00007ff84aad2000 	C:\WINDOWS\system32\tmumh\20019\AddOn\8.53.0.1071\TmUmEvt64.dll
0x00007ff85cc50000 - 0x00007ff85cc58000 	C:\WINDOWS\System32\PSAPI.DLL
0x000000005d810000 - 0x000000005d97e000 	C:\WINDOWS\system32\tmumh\20019\TmMon\2.8.0.1049\tmmon64.dll
0x00007ff8493d0000 - 0x00007ff84946b000 	C:\Software\Java\jdk-11.0.8\bin\msvcp140.dll
0x00007ffffaf90000 - 0x00007ffffba76000 	C:\Software\Java\jdk-11.0.8\bin\server\jvm.dll
0x00007ff844180000 - 0x00007ff844189000 	C:\WINDOWS\SYSTEM32\WSOCK32.dll
0x00007ff85bc40000 - 0x00007ff85bcaf000 	C:\WINDOWS\System32\WS2_32.dll
0x00007ff846d00000 - 0x00007ff846d24000 	C:\WINDOWS\SYSTEM32\WINMM.dll
0x00007ff846ab0000 - 0x00007ff846add000 	C:\WINDOWS\SYSTEM32\WINMMBASE.dll
0x00007ff85a000000 - 0x00007ff85a04a000 	C:\WINDOWS\System32\cfgmgr32.dll
0x00007ff859cf0000 - 0x00007ff859d01000 	C:\WINDOWS\System32\kernel.appcore.dll
0x00007ff857bb0000 - 0x00007ff857bc0000 	C:\Software\Java\jdk-11.0.8\bin\verify.dll
0x00007ff850a10000 - 0x00007ff850c04000 	C:\WINDOWS\SYSTEM32\DBGHELP.DLL
0x00007ff84ae00000 - 0x00007ff84ae2a000 	C:\WINDOWS\SYSTEM32\dbgcore.DLL
0x00007ff854960000 - 0x00007ff854988000 	C:\Software\Java\jdk-11.0.8\bin\java.dll
0x00007ff857b70000 - 0x00007ff857b7a000 	C:\Software\Java\jdk-11.0.8\bin\jimage.dll
0x00007ff854bf0000 - 0x00007ff854c06000 	C:\Software\Java\jdk-11.0.8\bin\zip.dll
0x00007ff85bd70000 - 0x00007ff85c458000 	C:\WINDOWS\System32\SHELL32.dll
0x00007ff85b010000 - 0x00007ff85b0b7000 	C:\WINDOWS\System32\shcore.dll
0x00007ff85a100000 - 0x00007ff85a87b000 	C:\WINDOWS\System32\windows.storage.dll
0x00007ff859d10000 - 0x00007ff859d2e000 	C:\WINDOWS\System32\profapi.dll
0x00007ff859ca0000 - 0x00007ff859cea000 	C:\WINDOWS\System32\powrprof.dll
0x00007ff859c90000 - 0x00007ff859ca0000 	C:\WINDOWS\System32\UMPDC.dll
0x00007ff85cb40000 - 0x00007ff85cb92000 	C:\WINDOWS\System32\shlwapi.dll
0x00007ff85ad70000 - 0x00007ff85ad87000 	C:\WINDOWS\System32\cryptsp.dll
0x00007ff854940000 - 0x00007ff854959000 	C:\Software\Java\jdk-11.0.8\bin\net.dll
0x00007ff8554f0000 - 0x00007ff8555ea000 	C:\WINDOWS\SYSTEM32\WINHTTP.dll
0x00007ff859420000 - 0x00007ff859487000 	C:\WINDOWS\system32\mswsock.dll
0x00007ff854920000 - 0x00007ff854932000 	C:\Software\Java\jdk-11.0.8\bin\nio.dll
0x00007ff858d40000 - 0x00007ff858d73000 	C:\WINDOWS\system32\rsaenh.dll
0x00007ff85abb0000 - 0x00007ff85abd6000 	C:\WINDOWS\System32\bcrypt.dll
0x00007ff859bb0000 - 0x00007ff859bd5000 	C:\WINDOWS\SYSTEM32\USERENV.dll
0x00007ff8596c0000 - 0x00007ff8596cc000 	C:\WINDOWS\SYSTEM32\CRYPTBASE.dll
0x00007ff859140000 - 0x00007ff85917a000 	C:\WINDOWS\SYSTEM32\IPHLPAPI.DLL
0x00007ff85bc30000 - 0x00007ff85bc38000 	C:\WINDOWS\System32\NSI.dll
0x00007ff855f70000 - 0x00007ff855f86000 	C:\WINDOWS\SYSTEM32\dhcpcsvc6.DLL
0x00007ff855ae0000 - 0x00007ff855afc000 	C:\WINDOWS\SYSTEM32\dhcpcsvc.DLL
0x00007ff859180000 - 0x00007ff85924b000 	C:\WINDOWS\SYSTEM32\DNSAPI.dll
0x00007ff84a000000 - 0x00007ff84a029000 	C:\Users\marrubio\AppData\Roaming\Code\User\globalStorage\redhat.java\0.76.0\config_win\org.eclipse.equinox.launcher\org.eclipse.equinox.launcher.win32.win32.x86_64_1.2.100.v20210209-1541\eclipse_11301.dll
0x00007ff84ae40000 - 0x00007ff84ae51000 	C:\Users\marrubio\AppData\Roaming\Code\User\globalStorage\redhat.java\0.76.0\config_win\org.eclipse.osgi\23\0\.cp\jWinHttp-1.0.0.dll
0x00007ff85c6a0000 - 0x00007ff85c7f7000 	C:\WINDOWS\System32\ole32.dll
0x00007ff857b90000 - 0x00007ff857b9d000 	C:\Software\Java\jdk-11.0.8\bin\sunmscapi.dll
0x00007ff85a880000 - 0x00007ff85a9d1000 	C:\WINDOWS\System32\CRYPT32.dll
0x00007ff859d30000 - 0x00007ff859d42000 	C:\WINDOWS\System32\MSASN1.dll
0x00007ff8597a0000 - 0x00007ff8597c6000 	C:\WINDOWS\SYSTEM32\ncrypt.dll
0x00007ff859760000 - 0x00007ff85979b000 	C:\WINDOWS\SYSTEM32\NTASN1.dll
0x00007ff8541f0000 - 0x00007ff854215000 	C:\Software\Java\jdk-11.0.8\bin\sunec.dll
0x00007ff850e50000 - 0x00007ff850e5a000 	C:\Windows\System32\rasadhlp.dll
0x00007ff856360000 - 0x00007ff8563d7000 	C:\WINDOWS\System32\fwpuclnt.dll

dbghelp: loaded successfully - version: 4.0.5 - missing functions: none
symbol engine: initialized successfully - sym options: 0x614 - pdb path: .;C:\Software\Java\jdk-11.0.8\bin;C:\WINDOWS\SYSTEM32;C:\WINDOWS\WinSxS\amd64_microsoft.windows.common-controls_6595b64144ccf1df_6.0.18362.1441_none_9e7da8f1e45ea808;C:\WINDOWS\system32\tmumh\20019\AddOn\8.53.0.1071;C:\WINDOWS\system32\tmumh\20019\TmMon\2.8.0.1049;C:\Software\Java\jdk-11.0.8\bin\server;C:\Users\marrubio\AppData\Roaming\Code\User\globalStorage\redhat.java\0.76.0\config_win\org.eclipse.equinox.launcher\org.eclipse.equinox.launcher.win32.win32.x86_64_1.2.100.v20210209-1541;C:\Users\marrubio\AppData\Roaming\Code\User\globalStorage\redhat.java\0.76.0\config_win\org.eclipse.osgi\23\0\.cp

VM Arguments:
jvm_args: --add-modules=ALL-SYSTEM --add-opens=java.base/java.util=ALL-UNNAMED --add-opens=java.base/java.lang=ALL-UNNAMED -Declipse.application=org.eclipse.jdt.ls.core.id1 -Dosgi.bundles.defaultStartLevel=4 -Declipse.product=org.eclipse.jdt.ls.core.product -Dfile.encoding=utf8 -DwatchParentProcess=false -XX:+UseParallelGC -XX:GCTimeRatio=4 -XX:AdaptiveSizePolicyWeight=90 -Dsun.zip.disableMemoryMapping=true -Xmx1G -Xms100m -Xverify:none 
java_command: c:\Users\marrubio\.vscode\extensions\redhat.java-0.76.0\server\plugins\org.eclipse.equinox.launcher_1.6.100.v20201223-0822.jar -configuration c:\Users\marrubio\AppData\Roaming\Code\User\globalStorage\redhat.java\0.76.0\config_win -data c:\Users\marrubio\AppData\Roaming\Code\User\workspaceStorage\1a36f11a7081bb0601e8a8a46d46d356\redhat.java\jdt_ws
java_class_path (initial): c:\Users\marrubio\.vscode\extensions\redhat.java-0.76.0\server\plugins\org.eclipse.equinox.launcher_1.6.100.v20201223-0822.jar
Launcher Type: SUN_STANDARD

[Global flags]
    uintx AdaptiveSizePolicyWeight                 = 90                                        {product} {command line}
     bool BytecodeVerificationLocal                = false                                     {product} {command line}
     bool BytecodeVerificationRemote               = false                                     {product} {command line}
     intx CICompilerCount                          = 4                                         {product} {ergonomic}
    uintx GCTimeRatio                              = 4                                         {product} {command line}
   size_t InitialHeapSize                          = 104857600                                 {product} {command line}
   size_t MaxHeapSize                              = 1073741824                                {product} {command line}
   size_t MaxNewSize                               = 357564416                                 {product} {ergonomic}
   size_t MinHeapDeltaBytes                        = 524288                                    {product} {ergonomic}
   size_t NewSize                                  = 34603008                                  {product} {ergonomic}
    uintx NonNMethodCodeHeapSize                   = 5836300                                {pd product} {ergonomic}
    uintx NonProfiledCodeHeapSize                  = 122910970                              {pd product} {ergonomic}
   size_t OldSize                                  = 70254592                                  {product} {ergonomic}
    uintx ProfiledCodeHeapSize                     = 122910970                              {pd product} {ergonomic}
    uintx ReservedCodeCacheSize                    = 251658240                              {pd product} {ergonomic}
     bool SegmentedCodeCache                       = true                                      {product} {ergonomic}
     bool UseCompressedClassPointers               = true                                 {lp64_product} {ergonomic}
     bool UseCompressedOops                        = true                                 {lp64_product} {ergonomic}
     bool UseLargePagesIndividualAllocation        = false                                  {pd product} {ergonomic}
     bool UseParallelGC                            = true                                      {product} {command line}

Logging:
Log output configuration:
 #0: stdout all=warning uptime,level,tags
 #1: stderr all=off uptime,level,tags

Environment Variables:
JAVA_HOME=C:\Software\Java\jdk1.8.0_201
PATH=C:\Python27\;C:\Python27\Scripts;C:\WINDOWS\system32;C:\WINDOWS;C:\WINDOWS\System32\Wbem;C:\WINDOWS\System32\WindowsPowerShell\v1.0\;C:\WINDOWS\System32\OpenSSH\;C:\Program Files\Novell\iPrint;C:\Software\Desarrollo\nodejs\;C:\ProgramData\chocolatey\bin;C:\WINDOWS\System32\WindowsPowerShell\v1.0\;C:\Software\ControlVersiones\TortoiseSVN\bin;C:\Software\ControlVersiones\Git\cmd;C:\Program Files\WindowsPowerShell\Scripts\HP.ClientScriptLibrary;;C:\Program Files\Docker\Docker\resources\bin;C:\ProgramData\DockerDesktop\version-bin;C:\Users\marrubio\AppData\Local\Microsoft\WindowsApps;C:\Software\Desarrollo\Maven102\bin;C:\Software\Desarrollo\apache-maven-3.6.1\bin;C:\Software\Java\jdk1.8.0_201\bin;C:\Software\Desarrollo\nodejs;C:\Users\marrubio\AppData\Roaming\npm;C:\Software\ControlVersiones\Git\bin;C:\Software\Ide\Microsoft VS Code\bin;C:\Software\Desarrollo\openshift-cli;
USERNAME=marrubio
OS=Windows_NT
PROCESSOR_IDENTIFIER=Intel64 Family 6 Model 142 Stepping 12, GenuineIntel



---------------  S Y S T E M  ---------------

OS: Windows 10 , 64 bit Build 18362 (10.0.18362.1350)
HyperV virtualization detected

CPU:total 8 (initial active 8) (4 cores per cpu, 2 threads per core) family 6 model 142 stepping 12, cmov, cx8, fxsr, mmx, sse, sse2, sse3, ssse3, sse4.1, sse4.2, popcnt, avx, avx2, aes, clmul, erms, 3dnowpref, lzcnt, ht, tsc, tscinvbit, bmi1, bmi2, adx, fma

Memory: 4k page, system-wide physical 16183M (7275M free)
TotalPageFile size 22071M (AvailPageFile size 10024M)
current process WorkingSet (physical memory assigned to process): 654M, peak: 751M
current process commit charge ("private bytes"): 613M, peak: 675M

vm_info: Java HotSpot(TM) 64-Bit Server VM (11.0.8+10-LTS) for windows-amd64 JRE (11.0.8+10-LTS), built on Jun 16 2020 05:53:08 by "mach5one" with unknown MS VC++:1916

END.
